<?xml version="1.0" encoding="UTF-8"?>
<!-- Generated by org.testng.reporters.JUnitReportReporter -->
<testsuite name="com.test.selenium.simpletestNG" tests="1" time="0.013" ignored="0" failures="0" timestamp="07 Jun 2017 06:26:36 GMT" skipped="0" hostname="IBM781-PC0DPPRH" errors="0">
  <testcase name="f" time="0.013" classname="com.test.selenium.simpletestNG"/>
</testsuite> <!-- com.test.selenium.simpletestNG -->
